<?xml version="1.0" encoding="UTF-8"?>
<testng-results skipped="0" failed="0" total="2" passed="2">
  <reporter-output>
  </reporter-output>
  <suite name="DeltaSuite" duration-ms="21850" started-at="2016-09-04T10:23:12Z" finished-at="2016-09-04T10:23:34Z">
    <groups>
    </groups>
    <test name="ChromeTest" duration-ms="17722" started-at="2016-09-04T10:23:12Z" finished-at="2016-09-04T10:23:30Z">
      <class name="delta.main.DeltaDriver">
        <test-method status="PASS" signature="initFrameWork()[pri:0, instance:delta.main.DeltaDriver@1753acfe]" name="initFrameWork" is-config="true" duration-ms="183" started-at="2016-09-04T15:53:12Z" finished-at="2016-09-04T15:53:12Z">
          <reporter-output>
          </reporter-output>
        </test-method> <!-- initFrameWork -->
        <test-method status="PASS" signature="launchApp(org.testng.xml.XmlTest)[pri:0, instance:delta.main.DeltaDriver@1753acfe]" name="launchApp" is-config="true" duration-ms="12135" started-at="2016-09-04T15:53:13Z" finished-at="2016-09-04T15:53:25Z">
          <params>
            <param index="0">
              <value>
                <![CDATA[[Test: "ChromeTest" verbose:1[parameters:browser=>chrome][metagroups:] [included: ][excluded: ]  classes:[XmlClass class=delta.main.DeltaDriver]  packages:] ]]>
              </value>
            </param>
          </params>
          <reporter-output>
          </reporter-output>
        </test-method> <!-- launchApp -->
        <test-method status="PASS" signature="testScenarios(java.lang.String, java.lang.String)[pri:0, instance:delta.main.DeltaDriver@1753acfe]" name="testScenarios" duration-ms="2170" started-at="2016-09-04T15:53:25Z" data-provider="getScenario" finished-at="2016-09-04T15:53:27Z">
          <params>
            <param index="0">
              <value>
                <![CDATA[Scenario1]]>
              </value>
            </param>
            <param index="1">
              <value>
                <![CDATA[yes]]>
              </value>
            </param>
          </params>
          <reporter-output>
          </reporter-output>
        </test-method> <!-- testScenarios -->
        <test-method status="PASS" signature="quitApp(org.testng.ITestResult)[pri:0, instance:delta.main.DeltaDriver@1753acfe]" name="quitApp" is-config="true" duration-ms="2117" started-at="2016-09-04T15:53:27Z" finished-at="2016-09-04T15:53:30Z">
          <params>
            <param index="0">
              <value>
                <![CDATA[[TestResult name=testScenarios status=SUCCESS method=DeltaDriver.testScenarios(java.lang.String, java.lang.String)[pri:0, instance:delta.main.DeltaDriver@1753acfe] output={null}]]]>
              </value>
            </param>
          </params>
          <reporter-output>
          </reporter-output>
        </test-method> <!-- quitApp -->
        <test-method status="PASS" signature="endFrameWork()[pri:0, instance:delta.main.DeltaDriver@1753acfe]" name="endFrameWork" is-config="true" duration-ms="329" started-at="2016-09-04T15:53:30Z" finished-at="2016-09-04T15:53:30Z">
          <reporter-output>
          </reporter-output>
        </test-method> <!-- endFrameWork -->
      </class> <!-- delta.main.DeltaDriver -->
    </test> <!-- ChromeTest -->
    <test name="FirefoxTest" duration-ms="21850" started-at="2016-09-04T10:23:12Z" finished-at="2016-09-04T10:23:34Z">
      <class name="delta.main.DeltaDriver">
        <test-method status="PASS" signature="initFrameWork()[pri:0, instance:delta.main.DeltaDriver@475530b9]" name="initFrameWork" is-config="true" duration-ms="183" started-at="2016-09-04T15:53:12Z" finished-at="2016-09-04T15:53:12Z">
          <reporter-output>
          </reporter-output>
        </test-method> <!-- initFrameWork -->
        <test-method status="PASS" signature="launchApp(org.testng.xml.XmlTest)[pri:0, instance:delta.main.DeltaDriver@475530b9]" name="launchApp" is-config="true" duration-ms="11952" started-at="2016-09-04T15:53:13Z" finished-at="2016-09-04T15:53:25Z">
          <params>
            <param index="0">
              <value>
                <![CDATA[[Test: "FirefoxTest" verbose:1[parameters:browser=>firefox][metagroups:] [included: ][excluded: ]  classes:[XmlClass class=delta.main.DeltaDriver]  packages:] ]]>
              </value>
            </param>
          </params>
          <reporter-output>
          </reporter-output>
        </test-method> <!-- launchApp -->
        <test-method status="PASS" signature="testScenarios(java.lang.String, java.lang.String)[pri:0, instance:delta.main.DeltaDriver@475530b9]" name="testScenarios" duration-ms="3210" started-at="2016-09-04T15:53:25Z" data-provider="getScenario" finished-at="2016-09-04T15:53:28Z">
          <params>
            <param index="0">
              <value>
                <![CDATA[Scenario1]]>
              </value>
            </param>
            <param index="1">
              <value>
                <![CDATA[yes]]>
              </value>
            </param>
          </params>
          <reporter-output>
          </reporter-output>
        </test-method> <!-- testScenarios -->
        <test-method status="PASS" signature="quitApp(org.testng.ITestResult)[pri:0, instance:delta.main.DeltaDriver@475530b9]" name="quitApp" is-config="true" duration-ms="5626" started-at="2016-09-04T15:53:28Z" finished-at="2016-09-04T15:53:34Z">
          <params>
            <param index="0">
              <value>
                <![CDATA[[TestResult name=testScenarios status=SUCCESS method=DeltaDriver.testScenarios(java.lang.String, java.lang.String)[pri:0, instance:delta.main.DeltaDriver@475530b9] output={null}]]]>
              </value>
            </param>
          </params>
          <reporter-output>
          </reporter-output>
        </test-method> <!-- quitApp -->
        <test-method status="PASS" signature="endFrameWork()[pri:0, instance:delta.main.DeltaDriver@475530b9]" name="endFrameWork" is-config="true" duration-ms="92" started-at="2016-09-04T15:53:34Z" finished-at="2016-09-04T15:53:34Z">
          <reporter-output>
          </reporter-output>
        </test-method> <!-- endFrameWork -->
      </class> <!-- delta.main.DeltaDriver -->
    </test> <!-- FirefoxTest -->
  </suite> <!-- DeltaSuite -->
</testng-results>
